<?xml version="1.0" encoding="UTF-8"?>
<testng-results ignored="0" total="2" passed="2" failed="0" skipped="0">
  <reporter-output>
  </reporter-output>
  <suite started-at="2022-08-09T13:10:18 IST" name="Surefire suite" finished-at="2022-08-09T13:10:22 IST" duration-ms="3752">
    <groups>
    </groups>
    <test started-at="2022-08-09T13:10:18 IST" name="Surefire test" finished-at="2022-08-09T13:10:22 IST" duration-ms="3752">
      <class name="com.mycompany.app.my_selenium_app.NewTest">
        <test-method signature="LaunchChrome()[pri:0, instance:com.mycompany.app.my_selenium_app.NewTest@16aa0a0a]" started-at="2022-08-09T13:10:18 IST" name="LaunchChrome" finished-at="2022-08-09T13:10:22 IST" duration-ms="3701" status="PASS">
          <reporter-output>
          </reporter-output>
        </test-method> <!-- LaunchChrome -->
        <test-method signature="f()[pri:0, instance:com.mycompany.app.my_selenium_app.NewTest@16aa0a0a]" started-at="2022-08-09T13:10:22 IST" name="f" finished-at="2022-08-09T13:10:22 IST" duration-ms="1" status="PASS">
          <reporter-output>
          </reporter-output>
        </test-method> <!-- f -->
      </class> <!-- com.mycompany.app.my_selenium_app.NewTest -->
    </test> <!-- Surefire test -->
  </suite> <!-- Surefire suite -->
</testng-results>
