<?xml version="1.0" encoding="UTF-8"?>
<testng-results ignored="0" total="2" passed="2" failed="0" skipped="0">
  <reporter-output>
  </reporter-output>
  <suite started-at="2022-08-09T13:07:24 IST" name="Default suite" finished-at="2022-08-09T13:07:29 IST" duration-ms="4359">
    <groups>
    </groups>
    <test started-at="2022-08-09T13:07:24 IST" name="Default test" finished-at="2022-08-09T13:07:29 IST" duration-ms="4359">
      <class name="com.mycompany.app.my_selenium_app.NewTest">
        <test-method signature="LaunchChrome()[pri:0, instance:com.mycompany.app.my_selenium_app.NewTest@44ebcd03]" started-at="2022-08-09T13:07:24 IST" name="LaunchChrome" finished-at="2022-08-09T13:07:29 IST" duration-ms="4297" status="PASS">
          <reporter-output>
          </reporter-output>
        </test-method> <!-- LaunchChrome -->
        <test-method signature="f()[pri:0, instance:com.mycompany.app.my_selenium_app.NewTest@44ebcd03]" started-at="2022-08-09T13:07:29 IST" name="f" finished-at="2022-08-09T13:07:29 IST" duration-ms="2" status="PASS">
          <reporter-output>
          </reporter-output>
        </test-method> <!-- f -->
      </class> <!-- com.mycompany.app.my_selenium_app.NewTest -->
    </test> <!-- Default test -->
  </suite> <!-- Default suite -->
</testng-results>
